<?xml version="1.0" encoding="UTF-8"?>
<testsuite name="com.alzohra.berlinclock.controllers.BerlinClockControllerTest" tests="6" skipped="0" failures="0" errors="0" timestamp="2022-12-18T20:58:34" hostname="LAPTOP-IML9AK7L" time="0.469">
  <properties/>
  <testcase name="getBerlinClockFromDigitalTimeWithIncorrectFormat()" classname="com.alzohra.berlinclock.controllers.BerlinClockControllerTest" time="0.395"/>
  <testcase name="getDigitalTimeFromBerlinClockWithValidParams()" classname="com.alzohra.berlinclock.controllers.BerlinClockControllerTest" time="0.016"/>
  <testcase name="getDigitalTimeFromBerlinClockWithIncorrectFormat()" classname="com.alzohra.berlinclock.controllers.BerlinClockControllerTest" time="0.011"/>
  <testcase name="getBerlinClockFromDigitalTimeWithNullParameter()" classname="com.alzohra.berlinclock.controllers.BerlinClockControllerTest" time="0.011"/>
  <testcase name="getBerlinClockFromDigitalTimeWithValidParams()" classname="com.alzohra.berlinclock.controllers.BerlinClockControllerTest" time="0.015"/>
  <testcase name="getDigitalTimeFromBerlinClockWithNullParameter()" classname="com.alzohra.berlinclock.controllers.BerlinClockControllerTest" time="0.011"/>
  <system-out><![CDATA[21:58:32.459 [Test worker] DEBUG org.springframework.test.context.BootstrapUtils - Instantiating CacheAwareContextLoaderDelegate from class [org.springframework.test.context.cache.DefaultCacheAwareContextLoaderDelegate]
21:58:32.470 [Test worker] DEBUG org.springframework.test.context.BootstrapUtils - Instantiating BootstrapContext using constructor [public org.springframework.test.context.support.DefaultBootstrapContext(java.lang.Class,org.springframework.test.context.CacheAwareContextLoaderDelegate)]
21:58:32.504 [Test worker] DEBUG org.springframework.test.context.BootstrapUtils - Instantiating TestContextBootstrapper for test class [com.alzohra.berlinclock.controllers.BerlinClockControllerTest] from class [org.springframework.boot.test.autoconfigure.web.servlet.WebMvcTestContextBootstrapper]
21:58:32.518 [Test worker] INFO org.springframework.boot.test.autoconfigure.web.servlet.WebMvcTestContextBootstrapper - Neither @ContextConfiguration nor @ContextHierarchy found for test class [com.alzohra.berlinclock.controllers.BerlinClockControllerTest], using SpringBootContextLoader
21:58:32.522 [Test worker] DEBUG org.springframework.test.context.support.AbstractContextLoader - Did not detect default resource location for test class [com.alzohra.berlinclock.controllers.BerlinClockControllerTest]: class path resource [com/alzohra/berlinclock/controllers/BerlinClockControllerTest-context.xml] does not exist
21:58:32.523 [Test worker] DEBUG org.springframework.test.context.support.AbstractContextLoader - Did not detect default resource location for test class [com.alzohra.berlinclock.controllers.BerlinClockControllerTest]: class path resource [com/alzohra/berlinclock/controllers/BerlinClockControllerTestContext.groovy] does not exist
21:58:32.523 [Test worker] INFO org.springframework.test.context.support.AbstractContextLoader - Could not detect default resource locations for test class [com.alzohra.berlinclock.controllers.BerlinClockControllerTest]: no resource found for suffixes {-context.xml, Context.groovy}.
21:58:32.524 [Test worker] INFO org.springframework.test.context.support.AnnotationConfigContextLoaderUtils - Could not detect default configuration classes for test class [com.alzohra.berlinclock.controllers.BerlinClockControllerTest]: BerlinClockControllerTest does not declare any static, non-private, non-final, nested classes annotated with @Configuration.
21:58:32.583 [Test worker] DEBUG org.springframework.test.context.support.ActiveProfilesUtils - Could not find an 'annotation declaring class' for annotation type [org.springframework.test.context.ActiveProfiles] and class [com.alzohra.berlinclock.controllers.BerlinClockControllerTest]
21:58:32.628 [Test worker] DEBUG org.springframework.context.annotation.ClassPathScanningCandidateComponentProvider - Identified candidate component class: file [C:\Users\marwa\workspace\berlin-clock\back\build\classes\java\main\com\alzohra\berlinclock\BerlinClockApplication.class]
21:58:32.629 [Test worker] INFO org.springframework.boot.test.context.SpringBootTestContextBootstrapper - Found @SpringBootConfiguration com.alzohra.berlinclock.BerlinClockApplication for test class com.alzohra.berlinclock.controllers.BerlinClockControllerTest
21:58:32.631 [Test worker] DEBUG org.springframework.boot.test.autoconfigure.web.servlet.WebMvcTestContextBootstrapper - @TestExecutionListeners is not present for class [com.alzohra.berlinclock.controllers.BerlinClockControllerTest]: using defaults.
21:58:32.632 [Test worker] INFO org.springframework.boot.test.autoconfigure.web.servlet.WebMvcTestContextBootstrapper - Loaded default TestExecutionListener class names from location [META-INF/spring.factories]: [org.springframework.boot.test.autoconfigure.restdocs.RestDocsTestExecutionListener, org.springframework.boot.test.autoconfigure.web.client.MockRestServiceServerResetTestExecutionListener, org.springframework.boot.test.autoconfigure.web.servlet.MockMvcPrintOnlyOnFailureTestExecutionListener, org.springframework.boot.test.autoconfigure.web.servlet.WebDriverTestExecutionListener, org.springframework.boot.test.autoconfigure.webservices.client.MockWebServiceServerTestExecutionListener, org.springframework.boot.test.mock.mockito.MockitoTestExecutionListener, org.springframework.boot.test.mock.mockito.ResetMocksTestExecutionListener, org.springframework.test.context.web.ServletTestExecutionListener, org.springframework.test.context.support.DirtiesContextBeforeModesTestExecutionListener, org.springframework.test.context.event.ApplicationEventsTestExecutionListener, org.springframework.test.context.support.DependencyInjectionTestExecutionListener, org.springframework.test.context.support.DirtiesContextTestExecutionListener, org.springframework.test.context.transaction.TransactionalTestExecutionListener, org.springframework.test.context.jdbc.SqlScriptsTestExecutionListener, org.springframework.test.context.event.EventPublishingTestExecutionListener]
21:58:32.643 [Test worker] DEBUG org.springframework.boot.test.autoconfigure.web.servlet.WebMvcTestContextBootstrapper - Skipping candidate TestExecutionListener [org.springframework.test.context.transaction.TransactionalTestExecutionListener] due to a missing dependency. Specify custom listener classes or make the default listener classes and their required dependencies available. Offending class: [org/springframework/transaction/interceptor/TransactionAttributeSource]
21:58:32.644 [Test worker] DEBUG org.springframework.boot.test.autoconfigure.web.servlet.WebMvcTestContextBootstrapper - Skipping candidate TestExecutionListener [org.springframework.test.context.jdbc.SqlScriptsTestExecutionListener] due to a missing dependency. Specify custom listener classes or make the default listener classes and their required dependencies available. Offending class: [org/springframework/transaction/interceptor/TransactionAttribute]
21:58:32.644 [Test worker] INFO org.springframework.boot.test.autoconfigure.web.servlet.WebMvcTestContextBootstrapper - Using TestExecutionListeners: [org.springframework.test.context.web.ServletTestExecutionListener@49f5c307, org.springframework.test.context.support.DirtiesContextBeforeModesTestExecutionListener@299266e2, org.springframework.test.context.event.ApplicationEventsTestExecutionListener@5471388b, org.springframework.boot.test.mock.mockito.MockitoTestExecutionListener@66ea1466, org.springframework.boot.test.autoconfigure.SpringBootDependencyInjectionTestExecutionListener@1601e47, org.springframework.test.context.support.DirtiesContextTestExecutionListener@3bffddff, org.springframework.test.context.event.EventPublishingTestExecutionListener@66971f6b, org.springframework.boot.test.autoconfigure.restdocs.RestDocsTestExecutionListener@50687efb, org.springframework.boot.test.autoconfigure.web.client.MockRestServiceServerResetTestExecutionListener@517bd097, org.springframework.boot.test.autoconfigure.web.servlet.MockMvcPrintOnlyOnFailureTestExecutionListener@142eef62, org.springframework.boot.test.autoconfigure.web.servlet.WebDriverTestExecutionListener@4a9cc6cb, org.springframework.boot.test.autoconfigure.webservices.client.MockWebServiceServerTestExecutionListener@5990e6c5, org.springframework.boot.test.mock.mockito.ResetMocksTestExecutionListener@56e07a08]
21:58:32.649 [Test worker] DEBUG org.springframework.test.context.support.AbstractDirtiesContextTestExecutionListener - Before test class: context [DefaultTestContext@26be6ca7 testClass = BerlinClockControllerTest, testInstance = [null], testMethod = [null], testException = [null], mergedContextConfiguration = [WebMergedContextConfiguration@6ea1bcdc testClass = BerlinClockControllerTest, locations = '{}', classes = '{class com.alzohra.berlinclock.BerlinClockApplication}', contextInitializerClasses = '[]', activeProfiles = '{}', propertySourceLocations = '{}', propertySourceProperties = '{org.springframework.boot.test.autoconfigure.web.servlet.WebMvcTestContextBootstrapper=true}', contextCustomizers = set[org.springframework.boot.test.autoconfigure.OverrideAutoConfigurationContextCustomizerFactory$DisableAutoConfigurationContextCustomizer@5af3a0f, org.springframework.boot.test.autoconfigure.actuate.metrics.MetricsExportContextCustomizerFactory$DisableMetricExportContextCustomizer@72cf2de5, org.springframework.boot.test.autoconfigure.filter.TypeExcludeFiltersContextCustomizer@a75baa55, org.springframework.boot.test.autoconfigure.properties.PropertyMappingContextCustomizer@f596885f, org.springframework.boot.test.autoconfigure.web.servlet.WebDriverContextCustomizerFactory$Customizer@5827af16, [ImportsContextCustomizer@759fad4 key = [org.springframework.boot.autoconfigure.cache.CacheAutoConfiguration, org.springframework.boot.autoconfigure.context.MessageSourceAutoConfiguration, org.springframework.boot.autoconfigure.data.web.SpringDataWebAutoConfiguration, org.springframework.boot.autoconfigure.freemarker.FreeMarkerAutoConfiguration, org.springframework.boot.autoconfigure.groovy.template.GroovyTemplateAutoConfiguration, org.springframework.boot.autoconfigure.gson.GsonAutoConfiguration, org.springframework.boot.autoconfigure.hateoas.HypermediaAutoConfiguration, org.springframework.boot.autoconfigure.http.HttpMessageConvertersAutoConfiguration, org.springframework.boot.autoconfigure.jackson.JacksonAutoConfiguration, org.springframework.boot.autoconfigure.jsonb.JsonbAutoConfiguration, org.springframework.boot.autoconfigure.mustache.MustacheAutoConfiguration, org.springframework.boot.autoconfigure.task.TaskExecutionAutoConfiguration, org.springframework.boot.autoconfigure.thymeleaf.ThymeleafAutoConfiguration, org.springframework.boot.autoconfigure.validation.ValidationAutoConfiguration, org.springframework.boot.autoconfigure.web.servlet.error.ErrorMvcAutoConfiguration, org.springframework.boot.autoconfigure.web.servlet.HttpEncodingAutoConfiguration, org.springframework.boot.autoconfigure.web.servlet.WebMvcAutoConfiguration, org.springframework.boot.test.autoconfigure.web.servlet.MockMvcAutoConfiguration, org.springframework.boot.test.autoconfigure.web.servlet.MockMvcWebClientAutoConfiguration, org.springframework.boot.test.autoconfigure.web.servlet.MockMvcWebDriverAutoConfiguration, org.springframework.boot.autoconfigure.security.oauth2.client.servlet.OAuth2ClientAutoConfiguration, org.springframework.boot.autoconfigure.security.oauth2.resource.servlet.OAuth2ResourceServerAutoConfiguration, org.springframework.boot.autoconfigure.security.servlet.SecurityAutoConfiguration, org.springframework.boot.autoconfigure.security.servlet.SecurityFilterAutoConfiguration, org.springframework.boot.autoconfigure.security.servlet.UserDetailsServiceAutoConfiguration, org.springframework.boot.test.autoconfigure.web.servlet.MockMvcSecurityConfiguration, org.springframework.boot.test.autoconfigure.web.reactive.WebTestClientAutoConfiguration]], org.springframework.boot.test.context.filter.ExcludeFilterContextCustomizer@56276db8, org.springframework.boot.test.json.DuplicateJsonObjectContextCustomizerFactory$DuplicateJsonObjectContextCustomizer@36676c1a, org.springframework.boot.test.mock.mockito.MockitoContextCustomizer@0, org.springframework.boot.test.context.SpringBootTestArgs@1, org.springframework.boot.test.context.SpringBootTestWebEnvironment@0], resourceBasePath = 'src/main/webapp', contextLoader = 'org.springframework.boot.test.context.SpringBootContextLoader', parent = [null]], attributes = map[[empty]]], class annotated with @DirtiesContext [false] with mode [null].
21:58:32.659 [Test worker] DEBUG org.springframework.test.context.support.DependencyInjectionTestExecutionListener - Performing dependency injection for test context [[DefaultTestContext@26be6ca7 testClass = BerlinClockControllerTest, testInstance = com.alzohra.berlinclock.controllers.BerlinClockControllerTest@21d5c1a0, testMethod = [null], testException = [null], mergedContextConfiguration = [WebMergedContextConfiguration@6ea1bcdc testClass = BerlinClockControllerTest, locations = '{}', classes = '{class com.alzohra.berlinclock.BerlinClockApplication}', contextInitializerClasses = '[]', activeProfiles = '{}', propertySourceLocations = '{}', propertySourceProperties = '{org.springframework.boot.test.autoconfigure.web.servlet.WebMvcTestContextBootstrapper=true}', contextCustomizers = set[org.springframework.boot.test.autoconfigure.OverrideAutoConfigurationContextCustomizerFactory$DisableAutoConfigurationContextCustomizer@5af3a0f, org.springframework.boot.test.autoconfigure.actuate.metrics.MetricsExportContextCustomizerFactory$DisableMetricExportContextCustomizer@72cf2de5, org.springframework.boot.test.autoconfigure.filter.TypeExcludeFiltersContextCustomizer@a75baa55, org.springframework.boot.test.autoconfigure.properties.PropertyMappingContextCustomizer@f596885f, org.springframework.boot.test.autoconfigure.web.servlet.WebDriverContextCustomizerFactory$Customizer@5827af16, [ImportsContextCustomizer@759fad4 key = [org.springframework.boot.autoconfigure.cache.CacheAutoConfiguration, org.springframework.boot.autoconfigure.context.MessageSourceAutoConfiguration, org.springframework.boot.autoconfigure.data.web.SpringDataWebAutoConfiguration, org.springframework.boot.autoconfigure.freemarker.FreeMarkerAutoConfiguration, org.springframework.boot.autoconfigure.groovy.template.GroovyTemplateAutoConfiguration, org.springframework.boot.autoconfigure.gson.GsonAutoConfiguration, org.springframework.boot.autoconfigure.hateoas.HypermediaAutoConfiguration, org.springframework.boot.autoconfigure.http.HttpMessageConvertersAutoConfiguration, org.springframework.boot.autoconfigure.jackson.JacksonAutoConfiguration, org.springframework.boot.autoconfigure.jsonb.JsonbAutoConfiguration, org.springframework.boot.autoconfigure.mustache.MustacheAutoConfiguration, org.springframework.boot.autoconfigure.task.TaskExecutionAutoConfiguration, org.springframework.boot.autoconfigure.thymeleaf.ThymeleafAutoConfiguration, org.springframework.boot.autoconfigure.validation.ValidationAutoConfiguration, org.springframework.boot.autoconfigure.web.servlet.error.ErrorMvcAutoConfiguration, org.springframework.boot.autoconfigure.web.servlet.HttpEncodingAutoConfiguration, org.springframework.boot.autoconfigure.web.servlet.WebMvcAutoConfiguration, org.springframework.boot.test.autoconfigure.web.servlet.MockMvcAutoConfiguration, org.springframework.boot.test.autoconfigure.web.servlet.MockMvcWebClientAutoConfiguration, org.springframework.boot.test.autoconfigure.web.servlet.MockMvcWebDriverAutoConfiguration, org.springframework.boot.autoconfigure.security.oauth2.client.servlet.OAuth2ClientAutoConfiguration, org.springframework.boot.autoconfigure.security.oauth2.resource.servlet.OAuth2ResourceServerAutoConfiguration, org.springframework.boot.autoconfigure.security.servlet.SecurityAutoConfiguration, org.springframework.boot.autoconfigure.security.servlet.SecurityFilterAutoConfiguration, org.springframework.boot.autoconfigure.security.servlet.UserDetailsServiceAutoConfiguration, org.springframework.boot.test.autoconfigure.web.servlet.MockMvcSecurityConfiguration, org.springframework.boot.test.autoconfigure.web.reactive.WebTestClientAutoConfiguration]], org.springframework.boot.test.context.filter.ExcludeFilterContextCustomizer@56276db8, org.springframework.boot.test.json.DuplicateJsonObjectContextCustomizerFactory$DuplicateJsonObjectContextCustomizer@36676c1a, org.springframework.boot.test.mock.mockito.MockitoContextCustomizer@0, org.springframework.boot.test.context.SpringBootTestArgs@1, org.springframework.boot.test.context.SpringBootTestWebEnvironment@0], resourceBasePath = 'src/main/webapp', contextLoader = 'org.springframework.boot.test.context.SpringBootContextLoader', parent = [null]], attributes = map['org.springframework.test.context.event.ApplicationEventsTestExecutionListener.recordApplicationEvents' -> false]]].

  .   ____          _            __ _ _
 /\\ / ___'_ __ _ _(_)_ __  __ _ \ \ \ \
( ( )\___ | '_ | '_| | '_ \/ _` | \ \ \ \
 \\/  ___)| |_)| | | | | || (_| |  ) ) ) )
  '  |____| .__|_| |_|_| |_\__, | / / / /
 =========|_|==============|___/=/_/_/_/
 :: Spring Boot ::       (v2.7.7-SNAPSHOT)

2022-12-18 21:58:33.018  INFO 10656 --- [    Test worker] c.a.b.c.BerlinClockControllerTest        : Starting BerlinClockControllerTest using Java 11.0.12 on LAPTOP-IML9AK7L with PID 10656 (started by marwa in C:\Users\marwa\workspace\berlin-clock\back)
2022-12-18 21:58:33.020  INFO 10656 --- [    Test worker] c.a.b.c.BerlinClockControllerTest        : No active profile set, falling back to 1 default profile: "default"
2022-12-18 21:58:34.046  INFO 10656 --- [    Test worker] o.s.b.t.m.w.SpringBootMockServletContext : Initializing Spring TestDispatcherServlet ''
2022-12-18 21:58:34.046  INFO 10656 --- [    Test worker] o.s.t.web.servlet.TestDispatcherServlet  : Initializing Servlet ''
2022-12-18 21:58:34.048  INFO 10656 --- [    Test worker] o.s.t.web.servlet.TestDispatcherServlet  : Completed initialization in 1 ms
2022-12-18 21:58:34.073  INFO 10656 --- [    Test worker] c.a.b.c.BerlinClockControllerTest        : Started BerlinClockControllerTest in 1.379 seconds (JVM running for 3.382)

MockHttpServletRequest:
      HTTP Method = GET
      Request URI = /getBerlinClock
       Parameters = {digitalTime=[15:62:56]}
          Headers = [Accept:"application/json"]
             Body = 
    Session Attrs = {}

Handler:
             Type = com.alzohra.berlinclock.controllers.BerlinClockController
           Method = com.alzohra.berlinclock.controllers.BerlinClockController#getBerlinClockFromDigitalTime(String)

Async:
    Async started = false
     Async result = null

Resolved Exception:
             Type = com.alzohra.berlinclock.exceptions.InvalidDigitalTimeException

ModelAndView:
        View name = null
             View = null
            Model = null

FlashMap:
       Attributes = null

MockHttpServletResponse:
           Status = 400
    Error message = null
          Headers = [Vary:"Origin", "Access-Control-Request-Method", "Access-Control-Request-Headers", Content-Type:"application/json"]
     Content type = application/json
             Body = {"statusCode":400,"message":"Digital time format is not correct"}
    Forwarded URL = null
   Redirected URL = null
          Cookies = []

MockHttpServletRequest:
      HTTP Method = GET
      Request URI = /getDigitalTime
       Parameters = {berlinClock=[ORRROOOOOYYRYYROOOOOYYOO]}
          Headers = [Accept:"application/json"]
             Body = 
    Session Attrs = {}

Handler:
             Type = com.alzohra.berlinclock.controllers.BerlinClockController
           Method = com.alzohra.berlinclock.controllers.BerlinClockController#getDigitalTimeFromBerlinClock(String)

Async:
    Async started = false
     Async result = null

Resolved Exception:
             Type = null

ModelAndView:
        View name = null
             View = null
            Model = null

FlashMap:
       Attributes = null

MockHttpServletResponse:
           Status = 200
    Error message = null
          Headers = [Vary:"Origin", "Access-Control-Request-Method", "Access-Control-Request-Headers", Content-Type:"application/json", Content-Length:"5"]
     Content type = application/json
             Body = 15:32
    Forwarded URL = null
   Redirected URL = null
          Cookies = []

MockHttpServletRequest:
      HTTP Method = GET
      Request URI = /getDigitalTime
       Parameters = {berlinClock=[ORRROOOOOYYRYYROOOOO]}
          Headers = [Accept:"application/json"]
             Body = 
    Session Attrs = {}

Handler:
             Type = com.alzohra.berlinclock.controllers.BerlinClockController
           Method = com.alzohra.berlinclock.controllers.BerlinClockController#getDigitalTimeFromBerlinClock(String)

Async:
    Async started = false
     Async result = null

Resolved Exception:
             Type = com.alzohra.berlinclock.exceptions.InvalidBerlinClockException

ModelAndView:
        View name = null
             View = null
            Model = null

FlashMap:
       Attributes = null

MockHttpServletResponse:
           Status = 400
    Error message = null
          Headers = [Vary:"Origin", "Access-Control-Request-Method", "Access-Control-Request-Headers", Content-Type:"application/json"]
     Content type = application/json
             Body = {"statusCode":400,"message":"Berlin clock format is not correct"}
    Forwarded URL = null
   Redirected URL = null
          Cookies = []

MockHttpServletRequest:
      HTTP Method = GET
      Request URI = /getBerlinClock
       Parameters = {digitalTime=[]}
          Headers = [Accept:"application/json"]
             Body = 
    Session Attrs = {}

Handler:
             Type = com.alzohra.berlinclock.controllers.BerlinClockController
           Method = com.alzohra.berlinclock.controllers.BerlinClockController#getBerlinClockFromDigitalTime(String)

Async:
    Async started = false
     Async result = null

Resolved Exception:
             Type = com.alzohra.berlinclock.exceptions.NullParameterException

ModelAndView:
        View name = null
             View = null
            Model = null

FlashMap:
       Attributes = null

MockHttpServletResponse:
           Status = 400
    Error message = null
          Headers = [Vary:"Origin", "Access-Control-Request-Method", "Access-Control-Request-Headers", Content-Type:"application/json"]
     Content type = application/json
             Body = {"statusCode":400,"message":"parameter is empty"}
    Forwarded URL = null
   Redirected URL = null
          Cookies = []

MockHttpServletRequest:
      HTTP Method = GET
      Request URI = /getBerlinClock
       Parameters = {digitalTime=[15:32:21]}
          Headers = [Accept:"application/json"]
             Body = 
    Session Attrs = {}

Handler:
             Type = com.alzohra.berlinclock.controllers.BerlinClockController
           Method = com.alzohra.berlinclock.controllers.BerlinClockController#getBerlinClockFromDigitalTime(String)

Async:
    Async started = false
     Async result = null

Resolved Exception:
             Type = null

ModelAndView:
        View name = null
             View = null
            Model = null

FlashMap:
       Attributes = null

MockHttpServletResponse:
           Status = 200
    Error message = null
          Headers = [Vary:"Origin", "Access-Control-Request-Method", "Access-Control-Request-Headers", Content-Type:"application/json", Content-Length:"24"]
     Content type = application/json
             Body = ORRROOOOOYYRYYROOOOOYYOO
    Forwarded URL = null
   Redirected URL = null
          Cookies = []

MockHttpServletRequest:
      HTTP Method = GET
      Request URI = /getDigitalTime
       Parameters = {berlinClock=[]}
          Headers = [Accept:"application/json"]
             Body = 
    Session Attrs = {}

Handler:
             Type = com.alzohra.berlinclock.controllers.BerlinClockController
           Method = com.alzohra.berlinclock.controllers.BerlinClockController#getDigitalTimeFromBerlinClock(String)

Async:
    Async started = false
     Async result = null

Resolved Exception:
             Type = com.alzohra.berlinclock.exceptions.NullParameterException

ModelAndView:
        View name = null
             View = null
            Model = null

FlashMap:
       Attributes = null

MockHttpServletResponse:
           Status = 400
    Error message = null
          Headers = [Vary:"Origin", "Access-Control-Request-Method", "Access-Control-Request-Headers", Content-Type:"application/json"]
     Content type = application/json
             Body = {"statusCode":400,"message":"parameter is empty"}
    Forwarded URL = null
   Redirected URL = null
          Cookies = []
]]></system-out>
  <system-err><![CDATA[]]></system-err>
</testsuite>
