<?xml version="1.0" encoding="UTF-8"?>
<testsuite name="com.alzohra.berlinclock.services.BerlinClockServiceTest" tests="6" skipped="0" failures="0" errors="0" timestamp="2022-12-18T20:58:35" hostname="LAPTOP-IML9AK7L" time="0.024">
  <properties/>
  <testcase name="getBerlinClockFromDigitalTimeWithIncorrectFormat()" classname="com.alzohra.berlinclock.services.BerlinClockServiceTest" time="0.004"/>
  <testcase name="getDigitalTimeFromBerlinClockWithValidParams()" classname="com.alzohra.berlinclock.services.BerlinClockServiceTest" time="0.003"/>
  <testcase name="getDigitalTimeFromBerlinClockWithIncorrectFormat()" classname="com.alzohra.berlinclock.services.BerlinClockServiceTest" time="0.003"/>
  <testcase name="getBerlinClockFromDigitalTimeWithNullParameter()" classname="com.alzohra.berlinclock.services.BerlinClockServiceTest" time="0.003"/>
  <testcase name="getBerlinClockFromDigitalTimeWithValidParams()" classname="com.alzohra.berlinclock.services.BerlinClockServiceTest" time="0.002"/>
  <testcase name="getDigitalTimeFromBerlinClockWithNullParameter()" classname="com.alzohra.berlinclock.services.BerlinClockServiceTest" time="0.004"/>
  <system-out><![CDATA[2022-12-18 21:58:34.556  INFO 10656 --- [    Test worker] .b.t.c.SpringBootTestContextBootstrapper : Neither @ContextConfiguration nor @ContextHierarchy found for test class [com.alzohra.berlinclock.services.BerlinClockServiceTest], using SpringBootContextLoader
2022-12-18 21:58:34.557  INFO 10656 --- [    Test worker] o.s.t.c.support.AbstractContextLoader    : Could not detect default resource locations for test class [com.alzohra.berlinclock.services.BerlinClockServiceTest]: no resource found for suffixes {-context.xml, Context.groovy}.
2022-12-18 21:58:34.558  INFO 10656 --- [    Test worker] t.c.s.AnnotationConfigContextLoaderUtils : Could not detect default configuration classes for test class [com.alzohra.berlinclock.services.BerlinClockServiceTest]: BerlinClockServiceTest does not declare any static, non-private, non-final, nested classes annotated with @Configuration.
2022-12-18 21:58:34.568  INFO 10656 --- [    Test worker] .b.t.c.SpringBootTestContextBootstrapper : Found @SpringBootConfiguration com.alzohra.berlinclock.BerlinClockApplication for test class com.alzohra.berlinclock.services.BerlinClockServiceTest
2022-12-18 21:58:34.576  INFO 10656 --- [    Test worker] .b.t.c.SpringBootTestContextBootstrapper : Loaded default TestExecutionListener class names from location [META-INF/spring.factories]: [org.springframework.boot.test.autoconfigure.restdocs.RestDocsTestExecutionListener, org.springframework.boot.test.autoconfigure.web.client.MockRestServiceServerResetTestExecutionListener, org.springframework.boot.test.autoconfigure.web.servlet.MockMvcPrintOnlyOnFailureTestExecutionListener, org.springframework.boot.test.autoconfigure.web.servlet.WebDriverTestExecutionListener, org.springframework.boot.test.autoconfigure.webservices.client.MockWebServiceServerTestExecutionListener, org.springframework.boot.test.mock.mockito.MockitoTestExecutionListener, org.springframework.boot.test.mock.mockito.ResetMocksTestExecutionListener, org.springframework.test.context.web.ServletTestExecutionListener, org.springframework.test.context.support.DirtiesContextBeforeModesTestExecutionListener, org.springframework.test.context.event.ApplicationEventsTestExecutionListener, org.springframework.test.context.support.DependencyInjectionTestExecutionListener, org.springframework.test.context.support.DirtiesContextTestExecutionListener, org.springframework.test.context.transaction.TransactionalTestExecutionListener, org.springframework.test.context.jdbc.SqlScriptsTestExecutionListener, org.springframework.test.context.event.EventPublishingTestExecutionListener]
2022-12-18 21:58:34.578  INFO 10656 --- [    Test worker] .b.t.c.SpringBootTestContextBootstrapper : Using TestExecutionListeners: [org.springframework.test.context.web.ServletTestExecutionListener@7ab63838, org.springframework.test.context.support.DirtiesContextBeforeModesTestExecutionListener@4e974b9e, org.springframework.test.context.event.ApplicationEventsTestExecutionListener@370c7cc5, org.springframework.boot.test.mock.mockito.MockitoTestExecutionListener@61b838f2, org.springframework.boot.test.autoconfigure.SpringBootDependencyInjectionTestExecutionListener@2a04ab05, org.springframework.test.context.support.DirtiesContextTestExecutionListener@5ebbde60, org.springframework.test.context.event.EventPublishingTestExecutionListener@a056b26, org.springframework.boot.test.autoconfigure.restdocs.RestDocsTestExecutionListener@2a5abd3c, org.springframework.boot.test.autoconfigure.web.client.MockRestServiceServerResetTestExecutionListener@250967f1, org.springframework.boot.test.autoconfigure.web.servlet.MockMvcPrintOnlyOnFailureTestExecutionListener@25c1f5ee, org.springframework.boot.test.autoconfigure.web.servlet.WebDriverTestExecutionListener@4bce62b, org.springframework.boot.test.autoconfigure.webservices.client.MockWebServiceServerTestExecutionListener@7bf018dd, org.springframework.boot.test.mock.mockito.ResetMocksTestExecutionListener@15a8cebd]

  .   ____          _            __ _ _
 /\\ / ___'_ __ _ _(_)_ __  __ _ \ \ \ \
( ( )\___ | '_ | '_| | '_ \/ _` | \ \ \ \
 \\/  ___)| |_)| | | | | || (_| |  ) ) ) )
  '  |____| .__|_| |_|_| |_\__, | / / / /
 =========|_|==============|___/=/_/_/_/
 :: Spring Boot ::       (v2.7.7-SNAPSHOT)

2022-12-18 21:58:34.608  INFO 10656 --- [    Test worker] c.a.b.services.BerlinClockServiceTest    : Starting BerlinClockServiceTest using Java 11.0.12 on LAPTOP-IML9AK7L with PID 10656 (started by marwa in C:\Users\marwa\workspace\berlin-clock\back)
2022-12-18 21:58:34.609  INFO 10656 --- [    Test worker] c.a.b.services.BerlinClockServiceTest    : No active profile set, falling back to 1 default profile: "default"
2022-12-18 21:58:35.186  INFO 10656 --- [    Test worker] c.a.b.services.BerlinClockServiceTest    : Started BerlinClockServiceTest in 0.605 seconds (JVM running for 4.496)
]]></system-out>
  <system-err><![CDATA[]]></system-err>
</testsuite>
